<?xml version="1.0" encoding="UTF-8"?>
<coverage generated="1629994277579" clover="3.2.0">
  <project timestamp="1629994277579" name="All files">
    <metrics statements="33" coveredstatements="33" conditionals="17" coveredconditionals="17" methods="9" coveredmethods="9" elements="59" coveredelements="59" complexity="0" loc="33" ncloc="33" packages="2" files="6" classes="6"/>
    <package name="src">
      <metrics statements="28" coveredstatements="28" conditionals="17" coveredconditionals="17" methods="7" coveredmethods="7"/>
      <file name="addTodo.js" path="C:\Users\Me\Desktop\Microverse\2.0\todo_list_review\src\addTodo.js">
        <metrics statements="6" coveredstatements="6" conditionals="2" coveredconditionals="2" methods="1" coveredmethods="1"/>
        <line num="4" count="5" type="cond" truecount="2" falsecount="0"/>
        <line num="5" count="4" type="stmt"/>
        <line num="6" count="4" type="stmt"/>
        <line num="7" count="4" type="stmt"/>
        <line num="8" count="4" type="stmt"/>
        <line num="10" count="1" type="stmt"/>
      </file>
      <file name="clearCompletedTodos.js" path="C:\Users\Me\Desktop\Microverse\2.0\todo_list_review\src\clearCompletedTodos.js">
        <metrics statements="7" coveredstatements="7" conditionals="2" coveredconditionals="2" methods="3" coveredmethods="3"/>
        <line num="2" count="3" type="stmt"/>
        <line num="3" count="3" type="cond" truecount="2" falsecount="0"/>
        <line num="4" count="2" type="stmt"/>
        <line num="5" count="2" type="stmt"/>
        <line num="6" count="2" type="stmt"/>
        <line num="8" count="2" type="stmt"/>
        <line num="10" count="1" type="stmt"/>
      </file>
      <file name="completeTask.js" path="C:\Users\Me\Desktop\Microverse\2.0\todo_list_review\src\completeTask.js">
        <metrics statements="4" coveredstatements="4" conditionals="4" coveredconditionals="4" methods="1" coveredmethods="1"/>
        <line num="2" count="2" type="cond" truecount="4" falsecount="0"/>
        <line num="3" count="1" type="stmt"/>
        <line num="4" count="1" type="stmt"/>
        <line num="6" count="1" type="stmt"/>
      </file>
      <file name="editTodo.js" path="C:\Users\Me\Desktop\Microverse\2.0\todo_list_review\src\editTodo.js">
        <metrics statements="4" coveredstatements="4" conditionals="5" coveredconditionals="5" methods="1" coveredmethods="1"/>
        <line num="2" count="2" type="cond" truecount="5" falsecount="0"/>
        <line num="3" count="1" type="stmt"/>
        <line num="4" count="1" type="stmt"/>
        <line num="6" count="1" type="stmt"/>
      </file>
      <file name="removeTodo.js" path="C:\Users\Me\Desktop\Microverse\2.0\todo_list_review\src\removeTodo.js">
        <metrics statements="7" coveredstatements="7" conditionals="4" coveredconditionals="4" methods="1" coveredmethods="1"/>
        <line num="2" count="2" type="cond" truecount="4" falsecount="0"/>
        <line num="3" count="1" type="stmt"/>
        <line num="4" count="1" type="stmt"/>
        <line num="5" count="1" type="stmt"/>
        <line num="7" count="1" type="stmt"/>
        <line num="10" count="1" type="stmt"/>
        <line num="11" count="1" type="stmt"/>
      </file>
    </package>
    <package name="src.__mock__">
      <metrics statements="5" coveredstatements="5" conditionals="0" coveredconditionals="0" methods="2" coveredmethods="2"/>
      <file name="storage.js" path="C:\Users\Me\Desktop\Microverse\2.0\todo_list_review\src\__mock__\storage.js">
        <metrics statements="5" coveredstatements="5" conditionals="0" coveredconditionals="0" methods="2" coveredmethods="2"/>
        <line num="1" count="1" type="stmt"/>
        <line num="3" count="1" type="stmt"/>
        <line num="4" count="5" type="stmt"/>
        <line num="6" count="4" type="stmt"/>
        <line num="10" count="1" type="stmt"/>
      </file>
    </package>
  </project>
</coverage>
