<?xml version="1.0" encoding="UTF-8"?>
<coverage generated="1629991440028" clover="3.2.0">
  <project timestamp="1629991440028" name="All files">
    <metrics statements="29" coveredstatements="28" conditionals="13" coveredconditionals="13" methods="8" coveredmethods="8" elements="50" coveredelements="49" complexity="0" loc="29" ncloc="29" packages="2" files="5" classes="5"/>
    <package name="src">
      <metrics statements="24" coveredstatements="23" conditionals="13" coveredconditionals="13" methods="6" coveredmethods="6"/>
      <file name="addTodo.js" path="C:\Users\HP\Desktop\victest\todo_list_review\src\addTodo.js">
        <metrics statements="6" coveredstatements="6" conditionals="2" coveredconditionals="2" methods="1" coveredmethods="1"/>
        <line num="4" count="5" type="cond" truecount="2" falsecount="0"/>
        <line num="5" count="4" type="stmt"/>
        <line num="6" count="4" type="stmt"/>
        <line num="7" count="4" type="stmt"/>
        <line num="8" count="4" type="stmt"/>
        <line num="10" count="1" type="stmt"/>
      </file>
      <file name="clearCompletedTodos.js" path="C:\Users\HP\Desktop\victest\todo_list_review\src\clearCompletedTodos.js">
        <metrics statements="7" coveredstatements="7" conditionals="2" coveredconditionals="2" methods="3" coveredmethods="3"/>
        <line num="2" count="3" type="stmt"/>
        <line num="3" count="3" type="cond" truecount="2" falsecount="0"/>
        <line num="4" count="2" type="stmt"/>
        <line num="5" count="2" type="stmt"/>
        <line num="6" count="2" type="stmt"/>
        <line num="8" count="2" type="stmt"/>
        <line num="10" count="1" type="stmt"/>
      </file>
      <file name="editTodo.js" path="C:\Users\HP\Desktop\victest\todo_list_review\src\editTodo.js">
        <metrics statements="4" coveredstatements="3" conditionals="5" coveredconditionals="5" methods="1" coveredmethods="1"/>
        <line num="2" count="2" type="cond" truecount="5" falsecount="0"/>
        <line num="3" count="1" type="stmt"/>
        <line num="4" count="0" type="stmt"/>
        <line num="6" count="1" type="stmt"/>
      </file>
      <file name="removeTodo.js" path="C:\Users\HP\Desktop\victest\todo_list_review\src\removeTodo.js">
        <metrics statements="7" coveredstatements="7" conditionals="4" coveredconditionals="4" methods="1" coveredmethods="1"/>
        <line num="2" count="2" type="cond" truecount="4" falsecount="0"/>
        <line num="3" count="1" type="stmt"/>
        <line num="4" count="1" type="stmt"/>
        <line num="5" count="1" type="stmt"/>
        <line num="7" count="1" type="stmt"/>
        <line num="10" count="1" type="stmt"/>
        <line num="11" count="1" type="stmt"/>
      </file>
    </package>
    <package name="src.__mock__">
      <metrics statements="5" coveredstatements="5" conditionals="0" coveredconditionals="0" methods="2" coveredmethods="2"/>
      <file name="storage.js" path="C:\Users\HP\Desktop\victest\todo_list_review\src\__mock__\storage.js">
        <metrics statements="5" coveredstatements="5" conditionals="0" coveredconditionals="0" methods="2" coveredmethods="2"/>
        <line num="1" count="1" type="stmt"/>
        <line num="3" count="1" type="stmt"/>
        <line num="4" count="5" type="stmt"/>
        <line num="6" count="4" type="stmt"/>
        <line num="10" count="1" type="stmt"/>
      </file>
    </package>
  </project>
</coverage>
