TN:
SF:src\addTodo.js
FN:3,(anonymous_0)
FNF:1
FNH:1
FNDA:5,(anonymous_0)
DA:4,5
DA:5,4
DA:6,4
DA:7,4
DA:8,4
DA:10,1
LF:6
LH:6
BRDA:4,0,0,4
BRDA:4,0,1,1
BRF:2
BRH:2
end_of_record
TN:
SF:src\clearCompletedTodos.js
FN:1,(anonymous_0)
FN:2,(anonymous_1)
FN:4,(anonymous_2)
FNF:3
FNH:3
FNDA:3,(anonymous_0)
FNDA:3,(anonymous_1)
FNDA:2,(anonymous_2)
DA:2,3
DA:3,3
DA:4,2
DA:5,2
DA:6,2
DA:8,2
DA:10,1
LF:7
LH:7
BRDA:3,0,0,2
BRDA:3,0,1,1
BRF:2
BRH:2
end_of_record
TN:
SF:src\editTodo.js
FN:1,(anonymous_0)
FNF:1
FNH:1
FNDA:2,(anonymous_0)
DA:2,2
DA:3,1
DA:4,0
DA:6,1
LF:4
LH:3
BRDA:2,0,0,1
BRDA:2,0,1,1
BRDA:2,1,0,2
BRDA:2,1,1,2
BRDA:2,1,2,1
BRF:5
BRH:5
end_of_record
TN:
SF:src\removeTodo.js
FN:1,removeTodo
FNF:1
FNH:1
FNDA:2,removeTodo
DA:2,2
DA:3,1
DA:4,1
DA:5,1
DA:7,1
DA:10,1
DA:11,1
LF:7
LH:7
BRDA:2,0,0,1
BRDA:2,0,1,1
BRDA:2,1,0,2
BRDA:2,1,1,1
BRF:4
BRH:4
end_of_record
TN:
SF:src\__mock__\storage.js
FN:4,(anonymous_0)
FN:5,(anonymous_1)
FNF:2
FNH:2
FNDA:5,(anonymous_0)
FNDA:4,(anonymous_1)
DA:1,1
DA:3,1
DA:4,5
DA:6,4
DA:10,1
LF:5
LH:5
BRF:0
BRH:0
end_of_record
